<?xml version='1.0' encoding='UTF-8'?>
<testsuite hostname="avz" name="org.cs474.setdsl.SetDSLTestSuite" tests="12" errors="0" failures="0" skipped="0" time="0.066" timestamp="2022-02-10T17:47:54">
          <properties>
      <property name="jline.esc.timeout" value="0"/><property name="java.runtime.name" value="Java(TM) SE Runtime Environment"/><property name="sun.boot.library.path" value="C:\Program Files\Java\jdk1.8.0_202\jre\bin"/><property name="java.vm.version" value="25.202-b08"/><property name="java.vm.vendor" value="Oracle Corporation"/><property name="java.vendor.url" value="http://java.oracle.com/"/><property name="path.separator" value=";"/><property name="jna.loaded" value="true"/><property name="java.vm.name" value="Java HotSpot(TM) 64-Bit Server VM"/><property name="file.encoding.pkg" value="sun.io"/><property name="user.country" value="US"/><property name="user.script" value=""/><property name="sun.java.launcher" value="SUN_STANDARD"/><property name="sun.os.patch.level" value=""/><property name="jna.nosys" value="true"/><property name="java.vm.specification.name" value="Java Virtual Machine Specification"/><property name="user.dir" value="F:\CS474\set-theory-dsl"/><property name="java.runtime.version" value="1.8.0_202-b08"/><property name="java.awt.graphicsenv" value="sun.awt.Win32GraphicsEnvironment"/><property name="idea.managed" value="true"/><property name="java.endorsed.dirs" value="C:\Program Files\Java\jdk1.8.0_202\jre\lib\endorsed"/><property name="os.arch" value="amd64"/><property name="java.io.tmpdir" value="C:\Users\avig1\AppData\Local\Temp\"/><property name="line.separator" value="
"/><property name="java.vm.specification.vendor" value="Oracle Corporation"/><property name="log4j.ignoreTCL" value="true"/><property name="user.variant" value=""/><property name="os.name" value="Windows 10"/><property name="sbt.log.noformat" value="true"/><property name="sun.jnu.encoding" value="Cp1252"/><property name="jnidispatch.path" value="C:\Users\avig1\AppData\Local\Temp\jna-93201022\jna244661734714508625.dll"/><property name="java.library.path" value="C:\Program Files\Java\jdk1.8.0_202\bin;C:\Windows\Sun\Java\bin;C:\Windows\system32;C:\Windows;C:\Program Files (x86)\Common Files\Oracle\Java\javapath;D:\VMWare\bin\;C:\Program Files\NVIDIA GPU Computing Toolkit\CUDA\v10.2\bin;C:\Program Files\NVIDIA GPU Computing Toolkit\CUDA\v10.2\libnvvp;C:\Windows\system32;C:\Windows;C:\Windows\System32\Wbem;C:\Windows\System32\WindowsPowerShell\v1.0\;C:\Windows\System32\OpenSSH\;C:\Program Files (x86)\NVIDIA Corporation\PhysX\Common;C:\Program Files\NVIDIA Corporation\NVIDIA NvDLISR;C:\Program Files\Git\cmd;C:\MinGW\bin\;C:\Program Files\nodejs\;C:\Users\avig1\anaconda3\Scripts;C:\cuda\bin;C:\cuda\include;C:\cuda\lib\x64;C:\Program Files\NVIDIA Corporation\Nsight Compute 2019.5.0\;C:\Users\avig1\hadoop-3.1.0\bin;C:\Users\avig1\hadoop-3.1.0\sbin;C:\Program Files\Java\jdk-11.0.12\bin;C:\Program Files\PuTTY\;C:\Program Files\Amazon\AWSCLI\bin\;C:\Program Files\Amazon\AWSSAMCLI\bin\;C:\Program Files\Docker\Docker\resources\bin;C:\ProgramData\DockerDesktop\version-bin;C:\Program Files\Java\jdk1.8.0_202\bin;C:\Program Files (x86)\sbt\bin;C:\Program Files (x86)\scala\bin;C:\Users\avig1\AppData\Local\Programs\Python\Python37\Scripts\;C:\Users\avig1\AppData\Local\Programs\Python\Python37\;C:\Users\avig1\AppData\Local\Microsoft\WindowsApps;C:\Users\avig1\AppData\Local\Programs\Microsoft VS Code\bin;C:\Users\avig1\AppData\Local\atom\bin;C:\Users\avig1\AppData\Roaming\npm;C:\Program Files\JetBrains\IntelliJ IDEA Community Edition 2021.2.1\bin;;C:\Program Files (x86)\scala\bin;C:\Program Files\Amazon\AWSCLI\bin\;C:\Program Files\Java\jdk1.8.0_202\bin;;."/><property name="java.specification.name" value="Java Platform API Specification"/><property name="java.class.version" value="52.0"/><property name="sun.management.compiler" value="HotSpot 64-Bit Tiered Compilers"/><property name="os.version" value="10.0"/><property name="swoval.tmpdir" value="C:\Users\avig1\.sbt\1.0"/><property name="user.home" value="C:\Users\avig1"/><property name="user.timezone" value="America/Chicago"/><property name="java.awt.printerjob" value="sun.awt.windows.WPrinterJob"/><property name="idea.installation.dir" value="C:\Program Files\JetBrains\IntelliJ IDEA Community Edition 2021.2.1"/><property name="file.encoding" value="UTF-8"/><property name="java.specification.version" value="1.8"/><property name="java.class.path" value="C:\Users\avig1\AppData\Roaming\JetBrains\IdeaIC2021.2\plugins\Scala\launcher\sbt-launch.jar"/><property name="user.name" value="avig1"/><property name="jline.shutdownhook" value="false"/><property name="java.vm.specification.version" value="1.8"/><property name="sun.java.command" value="C:\Users\avig1\AppData\Roaming\JetBrains\IdeaIC2021.2\plugins\Scala\launcher\sbt-launch.jar early(addPluginSbtFile=&quot;&quot;&quot;C:\Users\avig1\AppData\Local\Temp\idea1.sbt&quot;&quot;&quot;) ; set ideaPort in Global := 11802 ; idea-shell"/><property name="java.home" value="C:\Program Files\Java\jdk1.8.0_202\jre"/><property name="sun.arch.data.model" value="64"/><property name="user.language" value="en"/><property name="java.specification.vendor" value="Oracle Corporation"/><property name="awt.toolkit" value="sun.awt.windows.WToolkit"/><property name="java.vm.info" value="mixed mode"/><property name="java.version" value="1.8.0_202"/><property name="java.ext.dirs" value="C:\Program Files\Java\jdk1.8.0_202\jre\lib\ext;C:\Windows\Sun\Java\lib\ext"/><property name="sun.boot.class.path" value="C:\Program Files\Java\jdk1.8.0_202\jre\lib\resources.jar;C:\Program Files\Java\jdk1.8.0_202\jre\lib\rt.jar;C:\Program Files\Java\jdk1.8.0_202\jre\lib\sunrsasign.jar;C:\Program Files\Java\jdk1.8.0_202\jre\lib\jsse.jar;C:\Program Files\Java\jdk1.8.0_202\jre\lib\jce.jar;C:\Program Files\Java\jdk1.8.0_202\jre\lib\charsets.jar;C:\Program Files\Java\jdk1.8.0_202\jre\lib\jfr.jar;C:\Program Files\Java\jdk1.8.0_202\jre\classes"/><property name="java.vendor" value="Oracle Corporation"/><property name="sun.stderr.encoding" value="cp437"/><property name="file.separator" value="\"/><property name="java.vendor.url.bug" value="http://bugreport.sun.com/bugreport/"/><property name="sbt.supershell" value="false"/><property name="sun.io.unicode.encoding" value="UnicodeLittle"/><property name="sun.cpu.endian" value="little"/><property name="sun.stdout.encoding" value="cp437"/><property name="sun.desktop" value="windows"/><property name="sun.cpu.isalist" value="amd64"/>
    </properties>
          <testcase classname="org.cs474.setdsl.SetDSLTestSuite" name="should return an object of type Expression" time="0.01">
                      
                    </testcase><testcase classname="org.cs474.setdsl.SetDSLTestSuite" name="should create a variable in global scope and assign a value" time="0.004">
                      
                    </testcase><testcase classname="org.cs474.setdsl.SetDSLTestSuite" name="should return the set stored in the Variable set1 withing scope2 which is inside scope1" time="0.017">
                      
                    </testcase><testcase classname="org.cs474.setdsl.SetDSLTestSuite" name="should create in a scope and evaluate macros in another level of scope" time="0.013">
                      
                    </testcase><testcase classname="org.cs474.setdsl.SetDSLTestSuite" name="should return true as testValue2 exists in set testVar2" time="0.002">
                      
                    </testcase><testcase classname="org.cs474.setdsl.SetDSLTestSuite" name="should delete testValue2 from the set testVar2" time="0.003">
                      
                    </testcase><testcase classname="org.cs474.setdsl.SetDSLTestSuite" name="should update testVar1 with new value" time="0.003">
                      
                    </testcase><testcase classname="org.cs474.setdsl.SetDSLTestSuite" name="should verify Union operation of two sets" time="0.003">
                      
                    </testcase><testcase classname="org.cs474.setdsl.SetDSLTestSuite" name="should verify Intersection operation of two sets" time="0.002">
                      
                    </testcase><testcase classname="org.cs474.setdsl.SetDSLTestSuite" name="should verify Difference operation of two sets" time="0.002">
                      
                    </testcase><testcase classname="org.cs474.setdsl.SetDSLTestSuite" name="should verify SymmetricDifference operation of two sets" time="0.002">
                      
                    </testcase><testcase classname="org.cs474.setdsl.SetDSLTestSuite" name="should verify CartesianProduct operation of two sets" time="0.005">
                      
                    </testcase>
          <system-out><![CDATA[]]></system-out>
          <system-err><![CDATA[]]></system-err>
        </testsuite>